<?xml version="1.0" encoding="UTF-8"?>
<!-- Generated by org.testng.reporters.JUnitXMLReporter -->
<testsuite hostname="VIJI-PC" name="DataPRovider with excel" tests="1" failures="1" timestamp="24 Jun 2016 13:15:52 GMT" time="0.356" errors="0">
  <testcase name="f" time="0.345" classname="testNg.DataProviderWithExcel_002">
    <failure type="org.testng.TestNGException" message="
The data provider is trying to pass 3 parameters but the method testNg.DataProviderWithExcel_002#f takes 2">
      <![CDATA[org.testng.TestNGException: 
The data provider is trying to pass 3 parameters but the method testNg.DataProviderWithExcel_002#f takes 2
... Removed 18 stack frames]]>
    </failure>
  </testcase> <!-- f -->
</testsuite> <!-- DataPRovider with excel -->
