<?xml version="1.0" encoding="UTF-8"?>
<!-- Generated by org.testng.reporters.JUnitXMLReporter -->
<testsuite hostname="VIJI-PC" name="Reporter with log4j" tests="1" failures="1" timestamp="24 Jun 2016 13:51:39 GMT" time="0.336" errors="0">
  <testcase name="Mytest" time="0.325" classname="testNg.MultiInputExcel">
    <failure type="java.lang.NullPointerException">
      <![CDATA[java.lang.NullPointerException
	at testNg.MultiInputExcel.Mytest(MultiInputExcel.java:22)
... Removed 24 stack frames]]>
    </failure>
  </testcase> <!-- Mytest -->
</testsuite> <!-- Reporter with log4j -->
