<?xml version="1.0" encoding="UTF-8"?>
<!-- Generated by org.testng.reporters.JUnitXMLReporter -->
<testsuite hostname="VIJI-PC" name="Practice Grouping" tests="5" failures="0" timestamp="22 Jun 2016 09:19:46 GMT" time="0.025" errors="0">
  <testcase name="car1" time="0.007" classname="testNg.Grouping"/>
  <testcase name="car2" time="0.001" classname="testNg.Grouping"/>
  <testcase name="plane1" time="0.001" classname="testNg.Grouping"/>
  <testcase name="plane2" time="0.001" classname="testNg.Grouping"/>
  <testcase name="plane3" time="0.001" classname="testNg.Grouping"/>
</testsuite> <!-- Practice Grouping -->
