<?xml version="1.0" encoding="UTF-8"?>
<testng-results skipped="0" failed="0" total="1" passed="1">
  <reporter-output>
  </reporter-output>
  <suite name="Default suite" duration-ms="17956" started-at="2016-07-07T05:12:54Z" finished-at="2016-07-07T05:13:12Z">
    <groups>
    </groups>
    <test name="Default test" duration-ms="17956" started-at="2016-07-07T05:12:54Z" finished-at="2016-07-07T05:13:12Z">
      <class name="seleniumGrid.DriverFactory">
        <test-method status="PASS" signature="setup()[pri:0, instance:seleniumGrid.DriverFactory@28d25987]" name="setup" is-config="true" duration-ms="17241" started-at="2016-07-07T10:42:54Z" finished-at="2016-07-07T10:43:11Z">
          <reporter-output>
          </reporter-output>
        </test-method> <!-- setup -->
        <test-method status="PASS" signature="testDriver()[pri:0, instance:seleniumGrid.DriverFactory@28d25987]" name="testDriver" duration-ms="115" started-at="2016-07-07T10:43:11Z" finished-at="2016-07-07T10:43:11Z">
          <reporter-output>
          </reporter-output>
        </test-method> <!-- testDriver -->
        <test-method status="PASS" signature="tearDown()[pri:0, instance:seleniumGrid.DriverFactory@28d25987]" name="tearDown" is-config="true" duration-ms="569" started-at="2016-07-07T10:43:11Z" finished-at="2016-07-07T10:43:12Z">
          <reporter-output>
          </reporter-output>
        </test-method> <!-- tearDown -->
      </class> <!-- seleniumGrid.DriverFactory -->
    </test> <!-- Default test -->
  </suite> <!-- Default suite -->
</testng-results>
