<?xml version="1.0" encoding="UTF-8"?>
<!-- Generated by org.testng.reporters.JUnitXMLReporter -->
<testsuite hostname="VIJI-PC" name="Windows+IE Test" tests="2" failures="0" timestamp="6 Jul 2016 10:01:04 GMT" time="5.679" errors="0">
  <testcase name="@BeforeTest setup" time="0.0" classname="seleniumGrid.SeGridTest">
    <failure type="org.openqa.selenium.WebDriverException" message="Failed to navigate to http://only-testing-blog.blogspot.in/2014/01/textbox.html. This usually means that a call to the COM method IWebBrowser2::Navigate2() failed. (WARNING: The server did not provide any stacktrace information)
Command duration or timeout: 102 milliseconds
Build info: version: &amp;apos;2.53.0&amp;apos;, revision: &amp;apos;35ae25b&amp;apos;, time: &amp;apos;2016-03-15 17:00:58&amp;apos;
System info: host: &amp;apos;VIJI-PC&amp;apos;, ip: &amp;apos;192.168.1.75&amp;apos;, os.name: &amp;apos;Windows 7&amp;apos;, os.arch: &amp;apos;amd64&amp;apos;, os.version: &amp;apos;6.1&amp;apos;, java.version: &amp;apos;1.8.0_91&amp;apos;
Driver info: org.openqa.selenium.ie.InternetExplorerDriver
Capabilities [{browserAttachTimeout=0, ie.enableFullPageScreenshot=true, enablePersistentHover=true, ie.forceCreateProcessApi=false, ie.forceShellWindowsApi=false, pageLoadStrategy=normal, ignoreZoomSetting=false, ie.fileUploadDialogTimeout=3000, version=8, platform=WINDOWS, proxy={proxyType=}, nativeEvents=true, ie.ensureCleanSession=false, elementScrollBehavior=0, ie.browserCommandLineSwitches=, requireWindowFocus=false, browserName=internet explorer, initialBrowserUrl=http://localhost:23667/, javascriptEnabled=true, ignoreProtectedModeSettings=false, enableElementCacheCleanup=true, unexpectedAlertBehaviour=dismiss}]
Session ID: 3a80fe33-caad-49db-8fef-7f57b8d972e4
Command duration or timeout: 387 milliseconds
Build info: version: &amp;apos;2.53.0&amp;apos;, revision: &amp;apos;35ae25b&amp;apos;, time: &amp;apos;2016-03-15 16:57:40&amp;apos;
System info: host: &amp;apos;VIJI-PC&amp;apos;, ip: &amp;apos;192.168.1.75&amp;apos;, os.name: &amp;apos;Windows 7&amp;apos;, os.arch: &amp;apos;amd64&amp;apos;, os.version: &amp;apos;6.1&amp;apos;, java.version: &amp;apos;1.8.0_91&amp;apos;
Driver info: org.openqa.selenium.remote.RemoteWebDriver
Capabilities [{enablePersistentHover=true, ie.fileUploadDialogTimeout=3000, platform=WINDOWS, ie.ensureCleanSession=false, ie.browserCommandLineSwitches=, requireWindowFocus=false, browserName=internet explorer, takesScreenshot=true, javascriptEnabled=true, unexpectedAlertBehaviour=dismiss, browserAttachTimeout=0, ie.enableFullPageScreenshot=true, ie.forceCreateProcessApi=false, ie.forceShellWindowsApi=false, pageLoadStrategy=normal, ignoreZoomSetting=false, version=8, proxy={proxyType=}, nativeEvents=true, elementScrollBehavior=0, webdriver.remote.sessionid=7b837831-4628-4582-a32d-3c8ae05c1e23, initialBrowserUrl=http://localhost:23667/, ignoreProtectedModeSettings=false, enableElementCacheCleanup=true, cssSelectorsEnabled=true}]
Session ID: 7b837831-4628-4582-a32d-3c8ae05c1e23">
      <![CDATA[org.openqa.selenium.WebDriverException: Failed to navigate to http://only-testing-blog.blogspot.in/2014/01/textbox.html. This usually means that a call to the COM method IWebBrowser2::Navigate2() failed. (WARNING: The server did not provide any stacktrace information)
Command duration or timeout: 102 milliseconds
Build info: version: '2.53.0', revision: '35ae25b', time: '2016-03-15 17:00:58'
System info: host: 'VIJI-PC', ip: '192.168.1.75', os.name: 'Windows 7', os.arch: 'amd64', os.version: '6.1', java.version: '1.8.0_91'
Driver info: org.openqa.selenium.ie.InternetExplorerDriver
Capabilities [{browserAttachTimeout=0, ie.enableFullPageScreenshot=true, enablePersistentHover=true, ie.forceCreateProcessApi=false, ie.forceShellWindowsApi=false, pageLoadStrategy=normal, ignoreZoomSetting=false, ie.fileUploadDialogTimeout=3000, version=8, platform=WINDOWS, proxy={proxyType=}, nativeEvents=true, ie.ensureCleanSession=false, elementScrollBehavior=0, ie.browserCommandLineSwitches=, requireWindowFocus=false, browserName=internet explorer, initialBrowserUrl=http://localhost:23667/, javascriptEnabled=true, ignoreProtectedModeSettings=false, enableElementCacheCleanup=true, unexpectedAlertBehaviour=dismiss}]
Session ID: 3a80fe33-caad-49db-8fef-7f57b8d972e4
Command duration or timeout: 387 milliseconds
Build info: version: '2.53.0', revision: '35ae25b', time: '2016-03-15 16:57:40'
System info: host: 'VIJI-PC', ip: '192.168.1.75', os.name: 'Windows 7', os.arch: 'amd64', os.version: '6.1', java.version: '1.8.0_91'
Driver info: org.openqa.selenium.remote.RemoteWebDriver
Capabilities [{enablePersistentHover=true, ie.fileUploadDialogTimeout=3000, platform=WINDOWS, ie.ensureCleanSession=false, ie.browserCommandLineSwitches=, requireWindowFocus=false, browserName=internet explorer, takesScreenshot=true, javascriptEnabled=true, unexpectedAlertBehaviour=dismiss, browserAttachTimeout=0, ie.enableFullPageScreenshot=true, ie.forceCreateProcessApi=false, ie.forceShellWindowsApi=false, pageLoadStrategy=normal, ignoreZoomSetting=false, version=8, proxy={proxyType=}, nativeEvents=true, elementScrollBehavior=0, webdriver.remote.sessionid=7b837831-4628-4582-a32d-3c8ae05c1e23, initialBrowserUrl=http://localhost:23667/, ignoreProtectedModeSettings=false, enableElementCacheCleanup=true, cssSelectorsEnabled=true}]
Session ID: 7b837831-4628-4582-a32d-3c8ae05c1e23
	at org.openqa.selenium.remote.ErrorHandler.createThrowable(ErrorHandler.java:206)
	at org.openqa.selenium.remote.ErrorHandler.throwIfResponseFailed(ErrorHandler.java:158)
	at org.openqa.selenium.remote.RemoteWebDriver.execute(RemoteWebDriver.java:678)
	at org.openqa.selenium.remote.RemoteWebDriver.get(RemoteWebDriver.java:316)
	at seleniumGrid.SeGridTest.setup(SeGridTest.java:45)
	at java.util.concurrent.FutureTask.run(FutureTask.java:266)
	at java.util.concurrent.ThreadPoolExecutor.runWorker(ThreadPoolExecutor.java:1142)
	at java.util.concurrent.ThreadPoolExecutor$Worker.run(ThreadPoolExecutor.java:617)
	at java.lang.Thread.run(Thread.java:745)
Caused by: org.openqa.selenium.remote.ScreenshotException: Screen shot has been taken
Build info: version: '2.53.0', revision: '35ae25b', time: '2016-03-15 16:57:40'
System info: host: 'VIJI-PC', ip: '192.168.1.75', os.name: 'Windows 7', os.arch: 'amd64', os.version: '6.1', java.version: '1.8.0_91'
Driver info: driver.version: RemoteWebDriver
	at org.openqa.selenium.remote.ErrorHandler.throwIfResponseFailed(ErrorHandler.java:138)
	... 21 more
Caused by: org.openqa.selenium.WebDriverException: Failed to navigate to http://only-testing-blog.blogspot.in/2014/01/textbox.html. This usually means that a call to the COM method IWebBrowser2::Navigate2() failed. (WARNING: The server did not provide any stacktrace information)
Command duration or timeout: 102 milliseconds
Build info: version: '2.53.0', revision: '35ae25b', time: '2016-03-15 17:00:58'
System info: host: 'VIJI-PC', ip: '192.168.1.75', os.name: 'Windows 7', os.arch: 'amd64', os.version: '6.1', java.version: '1.8.0_91'
Driver info: org.openqa.selenium.ie.InternetExplorerDriver
Capabilities [{browserAttachTimeout=0, ie.enableFullPageScreenshot=true, enablePersistentHover=true, ie.forceCreateProcessApi=false, ie.forceShellWindowsApi=false, pageLoadStrategy=normal, ignoreZoomSetting=false, ie.fileUploadDialogTimeout=3000, version=8, platform=WINDOWS, proxy={proxyType=}, nativeEvents=true, ie.ensureCleanSession=false, elementScrollBehavior=0, ie.browserCommandLineSwitches=, requireWindowFocus=false, browserName=internet explorer, initialBrowserUrl=http://localhost:23667/, javascriptEnabled=true, ignoreProtectedModeSettings=false, enableElementCacheCleanup=true, unexpectedAlertBehaviour=dismiss}]
Session ID: 3a80fe33-caad-49db-8fef-7f57b8d972e4
Build info: version: '2.53.0', revision: '35ae25b', time: '2016-03-15 16:57:40'
System info: host: 'VIJI-PC', ip: '192.168.1.75', os.name: 'Windows 7', os.arch: 'amd64', os.version: '6.1', java.version: '1.8.0_91'
Driver info: driver.version: EventFiringWebDriver
	at org.openqa.selenium.remote.ErrorHandler.createThrowable(ErrorHandler.java:206)
	at org.openqa.selenium.remote.ErrorHandler.throwIfResponseFailed(ErrorHandler.java:158)
	at org.openqa.selenium.remote.RemoteWebDriver.execute(RemoteWebDriver.java:678)
	at org.openqa.selenium.remote.RemoteWebDriver.get(RemoteWebDriver.java:316)
	at org.openqa.selenium.support.events.EventFiringWebDriver$2.invoke(EventFiringWebDriver.java:103)
	at com.sun.proxy.$Proxy4.get(Unknown Source)
	at org.openqa.selenium.support.events.EventFiringWebDriver.get(EventFiringWebDriver.java:163)
	at org.openqa.selenium.remote.server.handler.ChangeUrl.call(ChangeUrl.java:40)
	at org.openqa.selenium.remote.server.handler.ChangeUrl.call(ChangeUrl.java:1)
	at java.util.concurrent.FutureTask.run(Unknown Source)
	at org.openqa.selenium.remote.server.DefaultSession$1.run(DefaultSession.java:176)
	at java.util.concurrent.ThreadPoolExecutor.runWorker(Unknown Source)
	at java.util.concurrent.ThreadPoolExecutor$Worker.run(Unknown Source)
	at java.lang.Thread.run(Unknown Source)
... Removed 26 stack frames]]>
    </failure>
  </testcase> <!-- @BeforeTest setup -->
  <testcase name="@AfterTest afterTest" time="0.0" classname="seleniumGrid.SeGridTest">
    <skipped/>
  </testcase> <!-- @AfterTest afterTest -->
  <testcase name="waitForButtonEnabled" time="0.0" classname="seleniumGrid.SeGridTest">
    <skipped/>
  </testcase> <!-- waitForButtonEnabled -->
  <testcase name="testCalc" time="0.0" classname="seleniumGrid.SeGridTest">
    <skipped/>
  </testcase> <!-- testCalc -->
</testsuite> <!-- Windows+IE Test -->
